# JRE version: Java(TM) SE Runtime Environment (8.0_301-b09) (build 1.8.0_301-b09)
# Java VM: Java HotSpot(TM) 64-Bit Server VM (25.301-b09 mixed mode windows-amd64 compressed oops)
Heap:
 PSYoungGen      total 920576K, used 509864K [0x000000076ab00000, 0x00000007a6200000, 0x00000007c0000000)
  eden space 886784K, 57% used [0x000000076ab00000,0x0000000789cea3d8,0x00000007a0d00000)
  from space 33792K, 0% used [0x00000007a3200000,0x00000007a3200000,0x00000007a5300000)
  to   space 37888K, 0% used [0x00000007a0d00000,0x00000007a0d00000,0x00000007a3200000)
 ParOldGen       total 239104K, used 105044K [0x00000006c0000000, 0x00000006ce980000, 0x000000076ab00000)
  object space 239104K, 43% used [0x00000006c0000000,0x00000006c66950d8,0x00000006ce980000)
 Metaspace       used 60007K, capacity 61652K, committed 61824K, reserved 1103872K
  class space    used 7667K, capacity 7972K, committed 8064K, reserved 1048576K
GC Heap History (10 events):
Event: 39.927 GC heap before
{Heap before GC invocations=11 (full 2):
 PSYoungGen      total 429568K, used 429540K [0x000000076ab00000, 0x0000000788c00000, 0x00000007c0000000)
  eden space 414208K, 100% used [0x000000076ab00000,0x0000000783f80000,0x0000000783f80000)
  from space 15360K, 99% used [0x0000000785880000,0x00000007867792e8,0x0000000786780000)
  to   space 25600K, 0% used [0x0000000783f80000,0x0000000783f80000,0x0000000785880000)
 ParOldGen       total 115712K, used 39000K [0x00000006c0000000, 0x00000006c7100000, 0x000000076ab00000)
  object space 115712K, 33% used [0x00000006c0000000,0x00000006c26163b0,0x00000006c7100000)
 Metaspace       used 38061K, capacity 39316K, committed 39552K, reserved 1083392K
  class space    used 4706K, capacity 4966K, committed 4992K, reserved 1048576K
Event: 39.957 GC heap after
Heap after GC invocations=11 (full 2):
 PSYoungGen      total 439808K, used 25578K [0x000000076ab00000, 0x0000000792480000, 0x00000007c0000000)
  eden space 414208K, 0% used [0x000000076ab00000,0x000000076ab00000,0x0000000783f80000)
  from space 25600K, 99% used [0x0000000783f80000,0x000000078587aa98,0x0000000785880000)
  to   space 30720K, 0% used [0x0000000790680000,0x0000000790680000,0x0000000792480000)
 ParOldGen       total 115712K, used 43613K [0x00000006c0000000, 0x00000006c7100000, 0x000000076ab00000)
  object space 115712K, 37% used [0x00000006c0000000,0x00000006c2a976a8,0x00000006c7100000)
 Metaspace       used 38061K, capacity 39316K, committed 39552K, reserved 1083392K
  class space    used 4706K, capacity 4966K, committed 4992K, reserved 1048576K
}
Event: 41.041 GC heap before
{Heap before GC invocations=12 (full 2):
 PSYoungGen      total 439808K, used 439786K [0x000000076ab00000, 0x0000000792480000, 0x00000007c0000000)
  eden space 414208K, 100% used [0x000000076ab00000,0x0000000783f80000,0x0000000783f80000)
  from space 25600K, 99% used [0x0000000783f80000,0x000000078587aa98,0x0000000785880000)
  to   space 30720K, 0% used [0x0000000790680000,0x0000000790680000,0x0000000792480000)
 ParOldGen       total 115712K, used 43629K [0x00000006c0000000, 0x00000006c7100000, 0x000000076ab00000)
  object space 115712K, 37% used [0x00000006c0000000,0x00000006c2a9b6b8,0x00000006c7100000)
 Metaspace       used 38064K, capacity 39316K, committed 39552K, reserved 1083392K
  class space    used 4706K, capacity 4966K, committed 4992K, reserved 1048576K
Event: 41.277 GC heap after
Heap after GC invocations=12 (full 2):
 PSYoungGen      total 615936K, used 24471K [0x000000076ab00000, 0x0000000794e80000, 0x00000007c0000000)
  eden space 585216K, 0% used [0x000000076ab00000,0x000000076ab00000,0x000000078e680000)
  from space 30720K, 79% used [0x0000000790680000,0x0000000791e65cc0,0x0000000792480000)
  to   space 32768K, 0% used [0x000000078e680000,0x000000078e680000,0x0000000790680000)
 ParOldGen       total 115712K, used 58679K [0x00000006c0000000, 0x00000006c7100000, 0x000000076ab00000)
  object space 115712K, 50% used [0x00000006c0000000,0x00000006c394dd30,0x00000006c7100000)
 Metaspace       used 38064K, capacity 39316K, committed 39552K, reserved 1083392K
  class space    used 4706K, capacity 4966K, committed 4992K, reserved 1048576K
}
Event: 42.535 GC heap before
{Heap before GC invocations=13 (full 2):
 PSYoungGen      total 615936K, used 609687K [0x000000076ab00000, 0x0000000794e80000, 0x00000007c0000000)
  eden space 585216K, 100% used [0x000000076ab00000,0x000000078e680000,0x000000078e680000)
  from space 30720K, 79% used [0x0000000790680000,0x0000000791e65cc0,0x0000000792480000)
  to   space 32768K, 0% used [0x000000078e680000,0x000000078e680000,0x0000000790680000)
 ParOldGen       total 115712K, used 58756K [0x00000006c0000000, 0x00000006c7100000, 0x000000076ab00000)
  object space 115712K, 50% used [0x00000006c0000000,0x00000006c3961058,0x00000006c7100000)
 Metaspace       used 38144K, capacity 39380K, committed 39552K, reserved 1083392K
  class space    used 4709K, capacity 4966K, committed 4992K, reserved 1048576K
Event: 42.689 GC heap after
Heap after GC invocations=13 (full 2):
 PSYoungGen      total 617984K, used 23386K [0x000000076ab00000, 0x00000007a5300000, 0x00000007c0000000)
  eden space 585216K, 0% used [0x000000076ab00000,0x000000076ab00000,0x000000078e680000)
  from space 32768K, 71% used [0x000000078e680000,0x000000078fd56950,0x0000000790680000)
  to   space 33792K, 0% used [0x00000007a3200000,0x00000007a3200000,0x00000007a5300000)
 ParOldGen       total 115712K, used 83150K [0x00000006c0000000, 0x00000006c7100000, 0x000000076ab00000)
  object space 115712K, 71% used [0x00000006c0000000,0x00000006c5133938,0x00000006c7100000)
 Metaspace       used 38144K, capacity 39380K, committed 39552K, reserved 1083392K
  class space    used 4709K, capacity 4966K, committed 4992K, reserved 1048576K
}
Event: 44.237 GC heap before
{Heap before GC invocations=14 (full 2):
 PSYoungGen      total 617984K, used 608602K [0x000000076ab00000, 0x00000007a5300000, 0x00000007c0000000)
  eden space 585216K, 100% used [0x000000076ab00000,0x000000078e680000,0x000000078e680000)
  from space 32768K, 71% used [0x000000078e680000,0x000000078fd56950,0x0000000790680000)
  to   space 33792K, 0% used [0x00000007a3200000,0x00000007a3200000,0x00000007a5300000)
 ParOldGen       total 115712K, used 83150K [0x00000006c0000000, 0x00000006c7100000, 0x000000076ab00000)
  object space 115712K, 71% used [0x00000006c0000000,0x00000006c5133938,0x00000006c7100000)
 Metaspace       used 38217K, capacity 39444K, committed 39808K, reserved 1083392K
  class space    used 4713K, capacity 4966K, committed 4992K, reserved 1048576K
Event: 44.492 GC heap after
Heap after GC invocations=14 (full 2):
 PSYoungGen      total 920576K, used 33024K [0x000000076ab00000, 0x00000007a6200000, 0x00000007c0000000)
  eden space 886784K, 0% used [0x000000076ab00000,0x000000076ab00000,0x00000007a0d00000)
  from space 33792K, 97% used [0x00000007a3200000,0x00000007a5240020,0x00000007a5300000)
  to   space 37888K, 0% used [0x00000007a0d00000,0x00000007a0d00000,0x00000007a3200000)
 ParOldGen       total 115712K, used 104304K [0x00000006c0000000, 0x00000006c7100000, 0x000000076ab00000)
  object space 115712K, 90% used [0x00000006c0000000,0x00000006c65dc180,0x00000006c7100000)
 Metaspace       used 38217K, capacity 39444K, committed 39808K, reserved 1083392K
  class space    used 4713K, capacity 4966K, committed 4992K, reserved 1048576K
}
Event: 44.492 GC heap before
{Heap before GC invocations=15 (full 3):
 PSYoungGen      total 920576K, used 33024K [0x000000076ab00000, 0x00000007a6200000, 0x00000007c0000000)
  eden space 886784K, 0% used [0x000000076ab00000,0x000000076ab00000,0x00000007a0d00000)
  from space 33792K, 97% used [0x00000007a3200000,0x00000007a5240020,0x00000007a5300000)
  to   space 37888K, 0% used [0x00000007a0d00000,0x00000007a0d00000,0x00000007a3200000)
 ParOldGen       total 115712K, used 104304K [0x00000006c0000000, 0x00000006c7100000, 0x000000076ab00000)
  object space 115712K, 90% used [0x00000006c0000000,0x00000006c65dc180,0x00000006c7100000)
 Metaspace       used 38217K, capacity 39444K, committed 39808K, reserved 1083392K
  class space    used 4713K, capacity 4966K, committed 4992K, reserved 1048576K
Event: 45.592 GC heap after
Heap after GC invocations=15 (full 3):
 PSYoungGen      total 920576K, used 0K [0x000000076ab00000, 0x00000007a6200000, 0x00000007c0000000)
  eden space 886784K, 0% used [0x000000076ab00000,0x000000076ab00000,0x00000007a0d00000)
  from space 33792K, 0% used [0x00000007a3200000,0x00000007a3200000,0x00000007a5300000)
  to   space 37888K, 0% used [0x00000007a0d00000,0x00000007a0d00000,0x00000007a3200000)
 ParOldGen       total 239104K, used 105044K [0x00000006c0000000, 0x00000006ce980000, 0x000000076ab00000)
  object space 239104K, 43% used [0x00000006c0000000,0x00000006c66950d8,0x00000006ce980000)
 Metaspace       used 38217K, capacity 39444K, committed 39808K, reserved 1083392K
  class space    used 4713K, capacity 4966K, committed 4992K, reserved 1048576K
}

