# JRE version: Java(TM) SE Runtime Environment (8.0_301-b09) (build 1.8.0_301-b09)
# Java VM: Java HotSpot(TM) 64-Bit Server VM (25.301-b09 mixed mode windows-amd64 compressed oops)
Heap:
 PSYoungGen      total 737280K, used 133063K [0x000000076ab00000, 0x00000007a9800000, 0x00000007c0000000)
  eden space 702976K, 18% used [0x000000076ab00000,0x0000000772cf1f50,0x0000000795980000)
  from space 34304K, 0% used [0x0000000795980000,0x0000000795980000,0x0000000797b00000)
  to   space 49152K, 0% used [0x00000007a6800000,0x00000007a6800000,0x00000007a9800000)
 ParOldGen       total 143360K, used 46341K [0x00000006c0000000, 0x00000006c8c00000, 0x000000076ab00000)
  object space 143360K, 32% used [0x00000006c0000000,0x00000006c2d414f8,0x00000006c8c00000)
 Metaspace       used 61447K, capacity 63212K, committed 63488K, reserved 1103872K
  class space    used 7833K, capacity 8136K, committed 8192K, reserved 1048576K
GC Heap History (10 events):
Event: 6.634 GC heap before
{Heap before GC invocations=12 (full 2):
 PSYoungGen      total 407040K, used 407010K [0x000000076ab00000, 0x000000078ec00000, 0x00000007c0000000)
  eden space 376832K, 100% used [0x000000076ab00000,0x0000000781b00000,0x0000000781b00000)
  from space 30208K, 99% used [0x0000000781b00000,0x0000000783878850,0x0000000783880000)
  to   space 36864K, 0% used [0x000000078c800000,0x000000078c800000,0x000000078ec00000)
 ParOldGen       total 143360K, used 43772K [0x00000006c0000000, 0x00000006c8c00000, 0x000000076ab00000)
  object space 143360K, 30% used [0x00000006c0000000,0x00000006c2abf218,0x00000006c8c00000)
 Metaspace       used 38024K, capacity 39332K, committed 39552K, reserved 1083392K
  class space    used 4708K, capacity 4968K, committed 4992K, reserved 1048576K
Event: 6.668 GC heap after
Heap after GC invocations=12 (full 2):
 PSYoungGen      total 553984K, used 20311K [0x000000076ab00000, 0x000000078eb00000, 0x00000007c0000000)
  eden space 518144K, 0% used [0x000000076ab00000,0x000000076ab00000,0x000000078a500000)
  from space 35840K, 56% used [0x000000078c800000,0x000000078dbd5ca0,0x000000078eb00000)
  to   space 35840K, 0% used [0x000000078a500000,0x000000078a500000,0x000000078c800000)
 ParOldGen       total 143360K, used 65768K [0x00000006c0000000, 0x00000006c8c00000, 0x000000076ab00000)
  object space 143360K, 45% used [0x00000006c0000000,0x00000006c403a150,0x00000006c8c00000)
 Metaspace       used 38024K, capacity 39332K, committed 39552K, reserved 1083392K
  class space    used 4708K, capacity 4968K, committed 4992K, reserved 1048576K
}
Event: 7.323 GC heap before
{Heap before GC invocations=13 (full 2):
 PSYoungGen      total 553984K, used 538455K [0x000000076ab00000, 0x000000078eb00000, 0x00000007c0000000)
  eden space 518144K, 100% used [0x000000076ab00000,0x000000078a500000,0x000000078a500000)
  from space 35840K, 56% used [0x000000078c800000,0x000000078dbd5ca0,0x000000078eb00000)
  to   space 35840K, 0% used [0x000000078a500000,0x000000078a500000,0x000000078c800000)
 ParOldGen       total 143360K, used 65827K [0x00000006c0000000, 0x00000006c8c00000, 0x000000076ab00000)
  object space 143360K, 45% used [0x00000006c0000000,0x00000006c4048d78,0x00000006c8c00000)
 Metaspace       used 38105K, capacity 39396K, committed 39552K, reserved 1083392K
  class space    used 4711K, capacity 4968K, committed 4992K, reserved 1048576K
Event: 7.352 GC heap after
Heap after GC invocations=13 (full 2):
 PSYoungGen      total 553984K, used 20282K [0x000000076ab00000, 0x000000079a100000, 0x00000007c0000000)
  eden space 518144K, 0% used [0x000000076ab00000,0x000000076ab00000,0x000000078a500000)
  from space 35840K, 56% used [0x000000078a500000,0x000000078b8ce920,0x000000078c800000)
  to   space 34816K, 0% used [0x0000000797f00000,0x0000000797f00000,0x000000079a100000)
 ParOldGen       total 143360K, used 86472K [0x00000006c0000000, 0x00000006c8c00000, 0x000000076ab00000)
  object space 143360K, 60% used [0x00000006c0000000,0x00000006c5472150,0x00000006c8c00000)
 Metaspace       used 38105K, capacity 39396K, committed 39552K, reserved 1083392K
  class space    used 4711K, capacity 4968K, committed 4992K, reserved 1048576K
}
Event: 8.028 GC heap before
{Heap before GC invocations=14 (full 2):
 PSYoungGen      total 553984K, used 538426K [0x000000076ab00000, 0x000000079a100000, 0x00000007c0000000)
  eden space 518144K, 100% used [0x000000076ab00000,0x000000078a500000,0x000000078a500000)
  from space 35840K, 56% used [0x000000078a500000,0x000000078b8ce920,0x000000078c800000)
  to   space 34816K, 0% used [0x0000000797f00000,0x0000000797f00000,0x000000079a100000)
 ParOldGen       total 143360K, used 86472K [0x00000006c0000000, 0x00000006c8c00000, 0x000000076ab00000)
  object space 143360K, 60% used [0x00000006c0000000,0x00000006c5472150,0x00000006c8c00000)
 Metaspace       used 38105K, capacity 39396K, committed 39552K, reserved 1083392K
  class space    used 4711K, capacity 4968K, committed 4992K, reserved 1048576K
Event: 8.061 GC heap after
Heap after GC invocations=14 (full 2):
 PSYoungGen      total 733184K, used 20752K [0x000000076ab00000, 0x0000000799c80000, 0x00000007c0000000)
  eden space 702976K, 0% used [0x000000076ab00000,0x000000076ab00000,0x0000000795980000)
  from space 30208K, 68% used [0x0000000797f00000,0x0000000799344040,0x0000000799c80000)
  to   space 34304K, 0% used [0x0000000795980000,0x0000000795980000,0x0000000797b00000)
 ParOldGen       total 143360K, used 107060K [0x00000006c0000000, 0x00000006c8c00000, 0x000000076ab00000)
  object space 143360K, 74% used [0x00000006c0000000,0x00000006c688d288,0x00000006c8c00000)
 Metaspace       used 38105K, capacity 39396K, committed 39552K, reserved 1083392K
  class space    used 4711K, capacity 4968K, committed 4992K, reserved 1048576K
}
Event: 15.914 GC heap before
{Heap before GC invocations=15 (full 2):
 PSYoungGen      total 733184K, used 660190K [0x000000076ab00000, 0x0000000799c80000, 0x00000007c0000000)
  eden space 702976K, 90% used [0x000000076ab00000,0x0000000791b73a80,0x0000000795980000)
  from space 30208K, 68% used [0x0000000797f00000,0x0000000799344040,0x0000000799c80000)
  to   space 34304K, 0% used [0x0000000795980000,0x0000000795980000,0x0000000797b00000)
 ParOldGen       total 143360K, used 107060K [0x00000006c0000000, 0x00000006c8c00000, 0x000000076ab00000)
  object space 143360K, 74% used [0x00000006c0000000,0x00000006c688d288,0x00000006c8c00000)
 Metaspace       used 57477K, capacity 59030K, committed 59136K, reserved 1101824K
  class space    used 7333K, capacity 7625K, committed 7680K, reserved 1048576K
Event: 16.009 GC heap after
Heap after GC invocations=15 (full 2):
 PSYoungGen      total 737280K, used 34292K [0x000000076ab00000, 0x00000007a9800000, 0x00000007c0000000)
  eden space 702976K, 0% used [0x000000076ab00000,0x000000076ab00000,0x0000000795980000)
  from space 34304K, 99% used [0x0000000795980000,0x0000000797afd1d8,0x0000000797b00000)
  to   space 49152K, 0% used [0x00000007a6800000,0x00000007a6800000,0x00000007a9800000)
 ParOldGen       total 143360K, used 135415K [0x00000006c0000000, 0x00000006c8c00000, 0x000000076ab00000)
  object space 143360K, 94% used [0x00000006c0000000,0x00000006c843df08,0x00000006c8c00000)
 Metaspace       used 57477K, capacity 59030K, committed 59136K, reserved 1101824K
  class space    used 7333K, capacity 7625K, committed 7680K, reserved 1048576K
}
Event: 16.009 GC heap before
{Heap before GC invocations=16 (full 3):
 PSYoungGen      total 737280K, used 34292K [0x000000076ab00000, 0x00000007a9800000, 0x00000007c0000000)
  eden space 702976K, 0% used [0x000000076ab00000,0x000000076ab00000,0x0000000795980000)
  from space 34304K, 99% used [0x0000000795980000,0x0000000797afd1d8,0x0000000797b00000)
  to   space 49152K, 0% used [0x00000007a6800000,0x00000007a6800000,0x00000007a9800000)
 ParOldGen       total 143360K, used 135415K [0x00000006c0000000, 0x00000006c8c00000, 0x000000076ab00000)
  object space 143360K, 94% used [0x00000006c0000000,0x00000006c843df08,0x00000006c8c00000)
 Metaspace       used 57477K, capacity 59030K, committed 59136K, reserved 1101824K
  class space    used 7333K, capacity 7625K, committed 7680K, reserved 1048576K
Event: 16.184 GC heap after
Heap after GC invocations=16 (full 3):
 PSYoungGen      total 737280K, used 0K [0x000000076ab00000, 0x00000007a9800000, 0x00000007c0000000)
  eden space 702976K, 0% used [0x000000076ab00000,0x000000076ab00000,0x0000000795980000)
  from space 34304K, 0% used [0x0000000795980000,0x0000000795980000,0x0000000797b00000)
  to   space 49152K, 0% used [0x00000007a6800000,0x00000007a6800000,0x00000007a9800000)
 ParOldGen       total 143360K, used 46341K [0x00000006c0000000, 0x00000006c8c00000, 0x000000076ab00000)
  object space 143360K, 32% used [0x00000006c0000000,0x00000006c2d414f8,0x00000006c8c00000)
 Metaspace       used 57477K, capacity 59030K, committed 59136K, reserved 1101824K
  class space    used 7333K, capacity 7625K, committed 7680K, reserved 1048576K
}

