# JRE version: Java(TM) SE Runtime Environment (8.0_311-b11) (build 1.8.0_311-b11)
# Java VM: Java HotSpot(TM) 64-Bit Server VM (25.311-b11 mixed mode windows-amd64 compressed oops)
Heap:
 PSYoungGen      total 945664K, used 686197K [0x000000076ab00000, 0x00000007a8600000, 0x00000007c0000000)
  eden space 922624K, 71% used [0x000000076ab00000,0x00000007932fa568,0x00000007a3000000)
  from space 23040K, 98% used [0x00000007a6f80000,0x00000007a85a3158,0x00000007a8600000)
  to   space 42496K, 0% used [0x00000007a3300000,0x00000007a3300000,0x00000007a5c80000)
 ParOldGen       total 212992K, used 43296K [0x00000006c0000000, 0x00000006cd000000, 0x000000076ab00000)
  object space 212992K, 20% used [0x00000006c0000000,0x00000006c2a48208,0x00000006cd000000)
 Metaspace       used 65095K, capacity 66866K, committed 67200K, reserved 1107968K
  class space    used 7966K, capacity 8273K, committed 8320K, reserved 1048576K
GC Heap History (10 events):
Event: 7.841 GC heap before
{Heap before GC invocations=13 (full 2):
 PSYoungGen      total 512000K, used 502774K [0x000000076ab00000, 0x000000078c300000, 0x00000007c0000000)
  eden space 481792K, 100% used [0x000000076ab00000,0x0000000788180000,0x0000000788180000)
  from space 30208K, 69% used [0x0000000789f80000,0x000000078b3fdb00,0x000000078bd00000)
  to   space 30720K, 0% used [0x0000000788180000,0x0000000788180000,0x0000000789f80000)
 ParOldGen       total 141312K, used 60479K [0x00000006c0000000, 0x00000006c8a00000, 0x000000076ab00000)
  object space 141312K, 42% used [0x00000006c0000000,0x00000006c3b0fee0,0x00000006c8a00000)
 Metaspace       used 38105K, capacity 39390K, committed 39552K, reserved 1083392K
  class space    used 4707K, capacity 4967K, committed 4992K, reserved 1048576K
Event: 7.879 GC heap after
Heap after GC invocations=13 (full 2):
 PSYoungGen      total 512512K, used 18554K [0x000000076ab00000, 0x0000000797c80000, 0x00000007c0000000)
  eden space 481792K, 0% used [0x000000076ab00000,0x000000076ab00000,0x0000000788180000)
  from space 30720K, 60% used [0x0000000788180000,0x000000078939e920,0x0000000789f80000)
  to   space 30208K, 0% used [0x0000000795f00000,0x0000000795f00000,0x0000000797c80000)
 ParOldGen       total 141312K, used 81835K [0x00000006c0000000, 0x00000006c8a00000, 0x000000076ab00000)
  object space 141312K, 57% used [0x00000006c0000000,0x00000006c4feaf30,0x00000006c8a00000)
 Metaspace       used 38105K, capacity 39390K, committed 39552K, reserved 1083392K
  class space    used 4707K, capacity 4967K, committed 4992K, reserved 1048576K
}
Event: 8.493 GC heap before
{Heap before GC invocations=14 (full 2):
 PSYoungGen      total 512512K, used 500346K [0x000000076ab00000, 0x0000000797c80000, 0x00000007c0000000)
  eden space 481792K, 100% used [0x000000076ab00000,0x0000000788180000,0x0000000788180000)
  from space 30720K, 60% used [0x0000000788180000,0x000000078939e920,0x0000000789f80000)
  to   space 30208K, 0% used [0x0000000795f00000,0x0000000795f00000,0x0000000797c80000)
 ParOldGen       total 141312K, used 81835K [0x00000006c0000000, 0x00000006c8a00000, 0x000000076ab00000)
  object space 141312K, 57% used [0x00000006c0000000,0x00000006c4feaf30,0x00000006c8a00000)
 Metaspace       used 38106K, capacity 39390K, committed 39552K, reserved 1083392K
  class space    used 4707K, capacity 4967K, committed 4992K, reserved 1048576K
Event: 8.532 GC heap after
Heap after GC invocations=14 (full 2):
 PSYoungGen      total 708608K, used 19792K [0x000000076ab00000, 0x0000000797e80000, 0x00000007c0000000)
  eden space 678400K, 0% used [0x000000076ab00000,0x000000076ab00000,0x0000000794180000)
  from space 30208K, 65% used [0x0000000795f00000,0x0000000797254060,0x0000000797c80000)
  to   space 30208K, 0% used [0x0000000794180000,0x0000000794180000,0x0000000795f00000)
 ParOldGen       total 141312K, used 100632K [0x00000006c0000000, 0x00000006c8a00000, 0x000000076ab00000)
  object space 141312K, 71% used [0x00000006c0000000,0x00000006c6246228,0x00000006c8a00000)
 Metaspace       used 38106K, capacity 39390K, committed 39552K, reserved 1083392K
  class space    used 4707K, capacity 4967K, committed 4992K, reserved 1048576K
}
Event: 12.210 GC heap before
{Heap before GC invocations=15 (full 2):
 PSYoungGen      total 708608K, used 698192K [0x000000076ab00000, 0x0000000797e80000, 0x00000007c0000000)
  eden space 678400K, 100% used [0x000000076ab00000,0x0000000794180000,0x0000000794180000)
  from space 30208K, 65% used [0x0000000795f00000,0x0000000797254060,0x0000000797c80000)
  to   space 30208K, 0% used [0x0000000794180000,0x0000000794180000,0x0000000795f00000)
 ParOldGen       total 141312K, used 100632K [0x00000006c0000000, 0x00000006c8a00000, 0x000000076ab00000)
  object space 141312K, 71% used [0x00000006c0000000,0x00000006c6246228,0x00000006c8a00000)
 Metaspace       used 54332K, capacity 55682K, committed 56064K, reserved 1097728K
  class space    used 6878K, capacity 7153K, committed 7168K, reserved 1048576K
Event: 12.300 GC heap after
Heap after GC invocations=15 (full 2):
 PSYoungGen      total 708608K, used 30180K [0x000000076ab00000, 0x00000007a9a80000, 0x00000007c0000000)
  eden space 678400K, 0% used [0x000000076ab00000,0x000000076ab00000,0x0000000794180000)
  from space 30208K, 99% used [0x0000000794180000,0x0000000795ef91a8,0x0000000795f00000)
  to   space 44032K, 0% used [0x00000007a6f80000,0x00000007a6f80000,0x00000007a9a80000)
 ParOldGen       total 141312K, used 128270K [0x00000006c0000000, 0x00000006c8a00000, 0x000000076ab00000)
  object space 141312K, 90% used [0x00000006c0000000,0x00000006c7d43a48,0x00000006c8a00000)
 Metaspace       used 54332K, capacity 55682K, committed 56064K, reserved 1097728K
  class space    used 6878K, capacity 7153K, committed 7168K, reserved 1048576K
}
Event: 12.300 GC heap before
{Heap before GC invocations=16 (full 3):
 PSYoungGen      total 708608K, used 30180K [0x000000076ab00000, 0x00000007a9a80000, 0x00000007c0000000)
  eden space 678400K, 0% used [0x000000076ab00000,0x000000076ab00000,0x0000000794180000)
  from space 30208K, 99% used [0x0000000794180000,0x0000000795ef91a8,0x0000000795f00000)
  to   space 44032K, 0% used [0x00000007a6f80000,0x00000007a6f80000,0x00000007a9a80000)
 ParOldGen       total 141312K, used 128270K [0x00000006c0000000, 0x00000006c8a00000, 0x000000076ab00000)
  object space 141312K, 90% used [0x00000006c0000000,0x00000006c7d43a48,0x00000006c8a00000)
 Metaspace       used 54332K, capacity 55682K, committed 56064K, reserved 1097728K
  class space    used 6878K, capacity 7153K, committed 7168K, reserved 1048576K
Event: 12.452 GC heap after
Heap after GC invocations=16 (full 3):
 PSYoungGen      total 708608K, used 0K [0x000000076ab00000, 0x00000007a9a80000, 0x00000007c0000000)
  eden space 678400K, 0% used [0x000000076ab00000,0x000000076ab00000,0x0000000794180000)
  from space 30208K, 0% used [0x0000000794180000,0x0000000794180000,0x0000000795f00000)
  to   space 44032K, 0% used [0x00000007a6f80000,0x00000007a6f80000,0x00000007a9a80000)
 ParOldGen       total 212992K, used 43280K [0x00000006c0000000, 0x00000006cd000000, 0x000000076ab00000)
  object space 212992K, 20% used [0x00000006c0000000,0x00000006c2a44208,0x00000006cd000000)
 Metaspace       used 54332K, capacity 55682K, committed 56064K, reserved 1097728K
  class space    used 6878K, capacity 7153K, committed 7168K, reserved 1048576K
}
Event: 11818.666 GC heap before
{Heap before GC invocations=17 (full 3):
 PSYoungGen      total 708608K, used 678400K [0x000000076ab00000, 0x00000007a9a80000, 0x00000007c0000000)
  eden space 678400K, 100% used [0x000000076ab00000,0x0000000794180000,0x0000000794180000)
  from space 30208K, 0% used [0x0000000794180000,0x0000000794180000,0x0000000795f00000)
  to   space 44032K, 0% used [0x00000007a6f80000,0x00000007a6f80000,0x00000007a9a80000)
 ParOldGen       total 212992K, used 43280K [0x00000006c0000000, 0x00000006cd000000, 0x000000076ab00000)
  object space 212992K, 20% used [0x00000006c0000000,0x00000006c2a44208,0x00000006cd000000)
 Metaspace       used 64577K, capacity 66346K, committed 66688K, reserved 1107968K
  class space    used 7964K, capacity 8273K, committed 8320K, reserved 1048576K
Event: 11818.820 GC heap after
Heap after GC invocations=17 (full 3):
 PSYoungGen      total 945664K, used 22668K [0x000000076ab00000, 0x00000007a8600000, 0x00000007c0000000)
  eden space 922624K, 0% used [0x000000076ab00000,0x000000076ab00000,0x00000007a3000000)
  from space 23040K, 98% used [0x00000007a6f80000,0x00000007a85a3158,0x00000007a8600000)
  to   space 42496K, 0% used [0x00000007a3300000,0x00000007a3300000,0x00000007a5c80000)
 ParOldGen       total 212992K, used 43296K [0x00000006c0000000, 0x00000006cd000000, 0x000000076ab00000)
  object space 212992K, 20% used [0x00000006c0000000,0x00000006c2a48208,0x00000006cd000000)
 Metaspace       used 64577K, capacity 66346K, committed 66688K, reserved 1107968K
  class space    used 7964K, capacity 8273K, committed 8320K, reserved 1048576K
}

