# JRE version: Java(TM) SE Runtime Environment (8.0_301-b09) (build 1.8.0_301-b09)
# Java VM: Java HotSpot(TM) 64-Bit Server VM (25.301-b09 mixed mode windows-amd64 compressed oops)
Heap:
 PSYoungGen      total 273408K, used 201305K [0x000000076ab00000, 0x0000000783c00000, 0x00000007c0000000)
  eden space 253440K, 71% used [0x000000076ab00000,0x0000000775c1d880,0x000000077a280000)
  from space 19968K, 99% used [0x000000077a280000,0x000000077b5f8ee8,0x000000077b600000)
  to   space 34304K, 0% used [0x0000000781a80000,0x0000000781a80000,0x0000000783c00000)
 ParOldGen       total 150016K, used 48822K [0x00000006c0000000, 0x00000006c9280000, 0x000000076ab00000)
  object space 150016K, 32% used [0x00000006c0000000,0x00000006c2fad8b8,0x00000006c9280000)
 Metaspace       used 38044K, capacity 39328K, committed 39552K, reserved 1083392K
  class space    used 4708K, capacity 4968K, committed 4992K, reserved 1048576K
GC Heap History (10 events):
Event: 3.235 GC heap before
{Heap before GC invocations=7 (full 1):
 PSYoungGen      total 141824K, used 131072K [0x000000076ab00000, 0x000000077d400000, 0x00000007c0000000)
  eden space 131072K, 100% used [0x000000076ab00000,0x0000000772b00000,0x0000000772b00000)
  from space 10752K, 0% used [0x0000000772b00000,0x0000000772b00000,0x0000000773580000)
  to   space 20992K, 0% used [0x000000077bf80000,0x000000077bf80000,0x000000077d400000)
 ParOldGen       total 106496K, used 13536K [0x00000006c0000000, 0x00000006c6800000, 0x000000076ab00000)
  object space 106496K, 12% used [0x00000006c0000000,0x00000006c0d383a8,0x00000006c6800000)
 Metaspace       used 26853K, capacity 27460K, committed 27776K, reserved 1073152K
  class space    used 3435K, capacity 3590K, committed 3712K, reserved 1048576K
Event: 3.246 GC heap after
Heap after GC invocations=7 (full 1):
 PSYoungGen      total 231936K, used 10015K [0x000000076ab00000, 0x000000077c980000, 0x00000007c0000000)
  eden space 221696K, 0% used [0x000000076ab00000,0x000000076ab00000,0x0000000778380000)
  from space 10240K, 97% used [0x000000077bf80000,0x000000077c947f00,0x000000077c980000)
  to   space 19968K, 0% used [0x000000077a280000,0x000000077a280000,0x000000077b600000)
 ParOldGen       total 106496K, used 13544K [0x00000006c0000000, 0x00000006c6800000, 0x000000076ab00000)
  object space 106496K, 12% used [0x00000006c0000000,0x00000006c0d3a3a8,0x00000006c6800000)
 Metaspace       used 26853K, capacity 27460K, committed 27776K, reserved 1073152K
  class space    used 3435K, capacity 3590K, committed 3712K, reserved 1048576K
}
Event: 4.979 GC heap before
{Heap before GC invocations=8 (full 1):
 PSYoungGen      total 231936K, used 180803K [0x000000076ab00000, 0x000000077c980000, 0x00000007c0000000)
  eden space 221696K, 77% used [0x000000076ab00000,0x00000007751c9090,0x0000000778380000)
  from space 10240K, 97% used [0x000000077bf80000,0x000000077c947f00,0x000000077c980000)
  to   space 19968K, 0% used [0x000000077a280000,0x000000077a280000,0x000000077b600000)
 ParOldGen       total 106496K, used 13544K [0x00000006c0000000, 0x00000006c6800000, 0x000000076ab00000)
  object space 106496K, 12% used [0x00000006c0000000,0x00000006c0d3a3a8,0x00000006c6800000)
 Metaspace       used 34135K, capacity 35380K, committed 35496K, reserved 1081344K
  class space    used 4329K, capacity 4576K, committed 4608K, reserved 1048576K
Event: 5.001 GC heap after
Heap after GC invocations=8 (full 1):
 PSYoungGen      total 273408K, used 16043K [0x000000076ab00000, 0x0000000783700000, 0x00000007c0000000)
  eden space 253440K, 0% used [0x000000076ab00000,0x000000076ab00000,0x000000077a280000)
  from space 19968K, 80% used [0x000000077a280000,0x000000077b22af40,0x000000077b600000)
  to   space 20992K, 0% used [0x0000000782280000,0x0000000782280000,0x0000000783700000)
 ParOldGen       total 106496K, used 13552K [0x00000006c0000000, 0x00000006c6800000, 0x000000076ab00000)
  object space 106496K, 12% used [0x00000006c0000000,0x00000006c0d3c3a8,0x00000006c6800000)
 Metaspace       used 34135K, capacity 35380K, committed 35496K, reserved 1081344K
  class space    used 4329K, capacity 4576K, committed 4608K, reserved 1048576K
}
Event: 5.001 GC heap before
{Heap before GC invocations=9 (full 2):
 PSYoungGen      total 273408K, used 16043K [0x000000076ab00000, 0x0000000783700000, 0x00000007c0000000)
  eden space 253440K, 0% used [0x000000076ab00000,0x000000076ab00000,0x000000077a280000)
  from space 19968K, 80% used [0x000000077a280000,0x000000077b22af40,0x000000077b600000)
  to   space 20992K, 0% used [0x0000000782280000,0x0000000782280000,0x0000000783700000)
 ParOldGen       total 106496K, used 13552K [0x00000006c0000000, 0x00000006c6800000, 0x000000076ab00000)
  object space 106496K, 12% used [0x00000006c0000000,0x00000006c0d3c3a8,0x00000006c6800000)
 Metaspace       used 34135K, capacity 35380K, committed 35496K, reserved 1081344K
  class space    used 4329K, capacity 4576K, committed 4608K, reserved 1048576K
Event: 5.107 GC heap after
Heap after GC invocations=9 (full 2):
 PSYoungGen      total 273408K, used 0K [0x000000076ab00000, 0x0000000783700000, 0x00000007c0000000)
  eden space 253440K, 0% used [0x000000076ab00000,0x000000076ab00000,0x000000077a280000)
  from space 19968K, 0% used [0x000000077a280000,0x000000077a280000,0x000000077b600000)
  to   space 20992K, 0% used [0x0000000782280000,0x0000000782280000,0x0000000783700000)
 ParOldGen       total 150016K, used 24406K [0x00000006c0000000, 0x00000006c9280000, 0x000000076ab00000)
  object space 150016K, 16% used [0x00000006c0000000,0x00000006c17d5830,0x00000006c9280000)
 Metaspace       used 34135K, capacity 35380K, committed 35496K, reserved 1081344K
  class space    used 4329K, capacity 4576K, committed 4608K, reserved 1048576K
}
Event: 6.276 GC heap before
{Heap before GC invocations=10 (full 2):
 PSYoungGen      total 273408K, used 253440K [0x000000076ab00000, 0x0000000783700000, 0x00000007c0000000)
  eden space 253440K, 100% used [0x000000076ab00000,0x000000077a280000,0x000000077a280000)
  from space 19968K, 0% used [0x000000077a280000,0x000000077a280000,0x000000077b600000)
  to   space 20992K, 0% used [0x0000000782280000,0x0000000782280000,0x0000000783700000)
 ParOldGen       total 150016K, used 24406K [0x00000006c0000000, 0x00000006c9280000, 0x000000076ab00000)
  object space 150016K, 16% used [0x00000006c0000000,0x00000006c17d5830,0x00000006c9280000)
 Metaspace       used 37904K, capacity 39200K, committed 39296K, reserved 1083392K
  class space    used 4695K, capacity 4968K, committed 4992K, reserved 1048576K
Event: 6.324 GC heap after
Heap after GC invocations=10 (full 2):
 PSYoungGen      total 274432K, used 20963K [0x000000076ab00000, 0x0000000783700000, 0x00000007c0000000)
  eden space 253440K, 0% used [0x000000076ab00000,0x000000076ab00000,0x000000077a280000)
  from space 20992K, 99% used [0x0000000782280000,0x00000007836f8d88,0x0000000783700000)
  to   space 19968K, 0% used [0x000000077a280000,0x000000077a280000,0x000000077b600000)
 ParOldGen       total 150016K, used 38193K [0x00000006c0000000, 0x00000006c9280000, 0x000000076ab00000)
  object space 150016K, 25% used [0x00000006c0000000,0x00000006c254c578,0x00000006c9280000)
 Metaspace       used 37904K, capacity 39200K, committed 39296K, reserved 1083392K
  class space    used 4695K, capacity 4968K, committed 4992K, reserved 1048576K
}
Event: 6.836 GC heap before
{Heap before GC invocations=11 (full 2):
 PSYoungGen      total 274432K, used 274403K [0x000000076ab00000, 0x0000000783700000, 0x00000007c0000000)
  eden space 253440K, 100% used [0x000000076ab00000,0x000000077a280000,0x000000077a280000)
  from space 20992K, 99% used [0x0000000782280000,0x00000007836f8d88,0x0000000783700000)
  to   space 19968K, 0% used [0x000000077a280000,0x000000077a280000,0x000000077b600000)
 ParOldGen       total 150016K, used 38193K [0x00000006c0000000, 0x00000006c9280000, 0x000000076ab00000)
  object space 150016K, 25% used [0x00000006c0000000,0x00000006c254c578,0x00000006c9280000)
 Metaspace       used 38043K, capacity 39328K, committed 39552K, reserved 1083392K
  class space    used 4708K, capacity 4968K, committed 4992K, reserved 1048576K
Event: 6.862 GC heap after
Heap after GC invocations=11 (full 2):
 PSYoungGen      total 273408K, used 19939K [0x000000076ab00000, 0x0000000783c00000, 0x00000007c0000000)
  eden space 253440K, 0% used [0x000000076ab00000,0x000000076ab00000,0x000000077a280000)
  from space 19968K, 99% used [0x000000077a280000,0x000000077b5f8ee8,0x000000077b600000)
  to   space 34304K, 0% used [0x0000000781a80000,0x0000000781a80000,0x0000000783c00000)
 ParOldGen       total 150016K, used 48822K [0x00000006c0000000, 0x00000006c9280000, 0x000000076ab00000)
  object space 150016K, 32% used [0x00000006c0000000,0x00000006c2fad8b8,0x00000006c9280000)
 Metaspace       used 38043K, capacity 39328K, committed 39552K, reserved 1083392K
  class space    used 4708K, capacity 4968K, committed 4992K, reserved 1048576K
}

